2025-07-22T15:53:48.332+09:00  INFO 11620 --- [restartedMain] com.smartFactory.BaseApplication         : Starting BaseApplication using Java 17.0.14 with PID 11620 (E:\happyeon\Project\smartFactory\backend\out\production\classes started by happy in E:\happyeon\Project\smartFactory)
2025-07-22T15:53:48.369+09:00  INFO 11620 --- [restartedMain] com.smartFactory.BaseApplication         : No active profile set, falling back to 1 default profile: "default"
2025-07-22T15:53:48.691+09:00  INFO 11620 --- [restartedMain] .e.DevToolsPropertyDefaultsPostProcessor : Devtools property defaults active! Set 'spring.devtools.add-properties' to 'false' to disable
2025-07-22T15:53:48.692+09:00  INFO 11620 --- [restartedMain] .e.DevToolsPropertyDefaultsPostProcessor : For additional web related logging consider setting the 'logging.level.web' property to 'DEBUG'
2025-07-22T15:53:53.830+09:00  INFO 11620 --- [restartedMain] .s.d.r.c.RepositoryConfigurationDelegate : Bootstrapping Spring Data JPA repositories in DEFAULT mode.
2025-07-22T15:53:54.826+09:00  INFO 11620 --- [restartedMain] .s.d.r.c.RepositoryConfigurationDelegate : Finished Spring Data repository scanning in 935 ms. Found 4 JPA repository interfaces.
2025-07-22T15:53:59.351+09:00  INFO 11620 --- [restartedMain] faultConfiguringBeanFactoryPostProcessor : No bean named 'errorChannel' has been explicitly defined. Therefore, a default PublishSubscribeChannel will be created.
2025-07-22T15:53:59.412+09:00  INFO 11620 --- [restartedMain] faultConfiguringBeanFactoryPostProcessor : No bean named 'integrationHeaderChannelRegistry' has been explicitly defined. Therefore, a default DefaultHeaderChannelRegistry will be created.
2025-07-22T15:54:02.826+09:00  WARN 11620 --- [restartedMain] trationDelegate$BeanPostProcessorChecker : Bean 'org.springframework.boot.autoconfigure.jdbc.DataSourceConfiguration$Hikari' of type [org.springframework.boot.autoconfigure.jdbc.DataSourceConfiguration$Hikari] is not eligible for getting processed by all BeanPostProcessors (for example: not eligible for auto-proxying). Is this bean getting eagerly injected into a currently created BeanPostProcessor [jobRegistryBeanPostProcessor]? Check the corresponding BeanPostProcessor declaration and its dependencies.
2025-07-22T15:54:02.888+09:00  WARN 11620 --- [restartedMain] trationDelegate$BeanPostProcessorChecker : Bean 'spring.datasource-org.springframework.boot.autoconfigure.jdbc.DataSourceProperties' of type [org.springframework.boot.autoconfigure.jdbc.DataSourceProperties] is not eligible for getting processed by all BeanPostProcessors (for example: not eligible for auto-proxying). Is this bean getting eagerly injected into a currently created BeanPostProcessor [jobRegistryBeanPostProcessor]? Check the corresponding BeanPostProcessor declaration and its dependencies.
2025-07-22T15:54:02.918+09:00  WARN 11620 --- [restartedMain] trationDelegate$BeanPostProcessorChecker : Bean 'org.springframework.boot.autoconfigure.jdbc.DataSourceAutoConfiguration$PooledDataSourceConfiguration' of type [org.springframework.boot.autoconfigure.jdbc.DataSourceAutoConfiguration$PooledDataSourceConfiguration] is not eligible for getting processed by all BeanPostProcessors (for example: not eligible for auto-proxying). Is this bean getting eagerly injected into a currently created BeanPostProcessor [jobRegistryBeanPostProcessor]? Check the corresponding BeanPostProcessor declaration and its dependencies.
2025-07-22T15:54:02.927+09:00  WARN 11620 --- [restartedMain] trationDelegate$BeanPostProcessorChecker : Bean 'jdbcConnectionDetails' of type [org.springframework.boot.autoconfigure.jdbc.PropertiesJdbcConnectionDetails] is not eligible for getting processed by all BeanPostProcessors (for example: not eligible for auto-proxying). Is this bean getting eagerly injected into a currently created BeanPostProcessor [jobRegistryBeanPostProcessor]? Check the corresponding BeanPostProcessor declaration and its dependencies.
2025-07-22T15:54:03.324+09:00  WARN 11620 --- [restartedMain] trationDelegate$BeanPostProcessorChecker : Bean 'dataSource' of type [com.zaxxer.hikari.HikariDataSource] is not eligible for getting processed by all BeanPostProcessors (for example: not eligible for auto-proxying). Is this bean getting eagerly injected into a currently created BeanPostProcessor [jobRegistryBeanPostProcessor]? Check the corresponding BeanPostProcessor declaration and its dependencies.
2025-07-22T15:54:03.396+09:00  WARN 11620 --- [restartedMain] trationDelegate$BeanPostProcessorChecker : Bean 'spring.jpa-org.springframework.boot.autoconfigure.orm.jpa.JpaProperties' of type [org.springframework.boot.autoconfigure.orm.jpa.JpaProperties] is not eligible for getting processed by all BeanPostProcessors (for example: not eligible for auto-proxying). Is this bean getting eagerly injected into a currently created BeanPostProcessor [jobRegistryBeanPostProcessor]? Check the corresponding BeanPostProcessor declaration and its dependencies.
2025-07-22T15:54:03.417+09:00  WARN 11620 --- [restartedMain] trationDelegate$BeanPostProcessorChecker : Bean 'spring.jpa.hibernate-org.springframework.boot.autoconfigure.orm.jpa.HibernateProperties' of type [org.springframework.boot.autoconfigure.orm.jpa.HibernateProperties] is not eligible for getting processed by all BeanPostProcessors (for example: not eligible for auto-proxying). Is this bean getting eagerly injected into a currently created BeanPostProcessor [jobRegistryBeanPostProcessor]? Check the corresponding BeanPostProcessor declaration and its dependencies.
2025-07-22T15:54:03.441+09:00  WARN 11620 --- [restartedMain] trationDelegate$BeanPostProcessorChecker : Bean 'org.springframework.boot.autoconfigure.jdbc.metadata.DataSourcePoolMetadataProvidersConfiguration$HikariPoolDataSourceMetadataProviderConfiguration' of type [org.springframework.boot.autoconfigure.jdbc.metadata.DataSourcePoolMetadataProvidersConfiguration$HikariPoolDataSourceMetadataProviderConfiguration] is not eligible for getting processed by all BeanPostProcessors (for example: not eligible for auto-proxying). Is this bean getting eagerly injected into a currently created BeanPostProcessor [jobRegistryBeanPostProcessor]? Check the corresponding BeanPostProcessor declaration and its dependencies.
2025-07-22T15:54:03.451+09:00  WARN 11620 --- [restartedMain] trationDelegate$BeanPostProcessorChecker : Bean 'hikariPoolDataSourceMetadataProvider' of type [org.springframework.boot.autoconfigure.jdbc.metadata.DataSourcePoolMetadataProvidersConfiguration$HikariPoolDataSourceMetadataProviderConfiguration$$Lambda$718/0x0000027431577a00] is not eligible for getting processed by all BeanPostProcessors (for example: not eligible for auto-proxying). Is this bean getting eagerly injected into a currently created BeanPostProcessor [jobRegistryBeanPostProcessor]? Check the corresponding BeanPostProcessor declaration and its dependencies.
2025-07-22T15:54:03.480+09:00  WARN 11620 --- [restartedMain] trationDelegate$BeanPostProcessorChecker : Bean 'org.springframework.boot.autoconfigure.orm.jpa.HibernateJpaConfiguration' of type [org.springframework.boot.autoconfigure.orm.jpa.HibernateJpaConfiguration] is not eligible for getting processed by all BeanPostProcessors (for example: not eligible for auto-proxying). Is this bean getting eagerly injected into a currently created BeanPostProcessor [jobRegistryBeanPostProcessor]? Check the corresponding BeanPostProcessor declaration and its dependencies.
2025-07-22T15:54:03.517+09:00  WARN 11620 --- [restartedMain] trationDelegate$BeanPostProcessorChecker : Bean 'org.springframework.boot.autoconfigure.transaction.TransactionManagerCustomizationAutoConfiguration' of type [org.springframework.boot.autoconfigure.transaction.TransactionManagerCustomizationAutoConfiguration] is not eligible for getting processed by all BeanPostProcessors (for example: not eligible for auto-proxying). Is this bean getting eagerly injected into a currently created BeanPostProcessor [jobRegistryBeanPostProcessor]? Check the corresponding BeanPostProcessor declaration and its dependencies.
2025-07-22T15:54:03.542+09:00  WARN 11620 --- [restartedMain] trationDelegate$BeanPostProcessorChecker : Bean 'transactionExecutionListeners' of type [org.springframework.boot.autoconfigure.transaction.ExecutionListenersTransactionManagerCustomizer] is not eligible for getting processed by all BeanPostProcessors (for example: not eligible for auto-proxying). Is this bean getting eagerly injected into a currently created BeanPostProcessor [jobRegistryBeanPostProcessor]? Check the corresponding BeanPostProcessor declaration and its dependencies.
2025-07-22T15:54:03.558+09:00  WARN 11620 --- [restartedMain] trationDelegate$BeanPostProcessorChecker : Bean 'spring.transaction-org.springframework.boot.autoconfigure.transaction.TransactionProperties' of type [org.springframework.boot.autoconfigure.transaction.TransactionProperties] is not eligible for getting processed by all BeanPostProcessors (for example: not eligible for auto-proxying). Is this bean getting eagerly injected into a currently created BeanPostProcessor [jobRegistryBeanPostProcessor]? Check the corresponding BeanPostProcessor declaration and its dependencies.
2025-07-22T15:54:03.570+09:00  WARN 11620 --- [restartedMain] trationDelegate$BeanPostProcessorChecker : Bean 'platformTransactionManagerCustomizers' of type [org.springframework.boot.autoconfigure.transaction.TransactionManagerCustomizers] is not eligible for getting processed by all BeanPostProcessors (for example: not eligible for auto-proxying). Is this bean getting eagerly injected into a currently created BeanPostProcessor [jobRegistryBeanPostProcessor]? Check the corresponding BeanPostProcessor declaration and its dependencies.
2025-07-22T15:54:03.630+09:00  WARN 11620 --- [restartedMain] trationDelegate$BeanPostProcessorChecker : Bean 'org.springframework.boot.autoconfigure.sql.init.DataSourceInitializationConfiguration' of type [org.springframework.boot.autoconfigure.sql.init.DataSourceInitializationConfiguration] is not eligible for getting processed by all BeanPostProcessors (for example: not eligible for auto-proxying). Is this bean getting eagerly injected into a currently created BeanPostProcessor [jobRegistryBeanPostProcessor]? Check the corresponding BeanPostProcessor declaration and its dependencies.
2025-07-22T15:54:03.649+09:00  WARN 11620 --- [restartedMain] trationDelegate$BeanPostProcessorChecker : Bean 'spring.sql.init-org.springframework.boot.autoconfigure.sql.init.SqlInitializationProperties' of type [org.springframework.boot.autoconfigure.sql.init.SqlInitializationProperties] is not eligible for getting processed by all BeanPostProcessors (for example: not eligible for auto-proxying). Is this bean getting eagerly injected into a currently created BeanPostProcessor [jobRegistryBeanPostProcessor]? Check the corresponding BeanPostProcessor declaration and its dependencies.
2025-07-22T15:54:03.687+09:00  WARN 11620 --- [restartedMain] trationDelegate$BeanPostProcessorChecker : Bean 'dataSourceScriptDatabaseInitializer' of type [org.springframework.boot.autoconfigure.sql.init.SqlDataSourceScriptDatabaseInitializer] is not eligible for getting processed by all BeanPostProcessors (for example: not eligible for auto-proxying). Is this bean getting eagerly injected into a currently created BeanPostProcessor [jobRegistryBeanPostProcessor]? Check the corresponding BeanPostProcessor declaration and its dependencies.
2025-07-22T15:54:03.706+09:00  WARN 11620 --- [restartedMain] trationDelegate$BeanPostProcessorChecker : Bean 'org.springframework.boot.autoconfigure.batch.BatchAutoConfiguration$DataSourceInitializerConfiguration' of type [org.springframework.boot.autoconfigure.batch.BatchAutoConfiguration$DataSourceInitializerConfiguration] is not eligible for getting processed by all BeanPostProcessors (for example: not eligible for auto-proxying). Is this bean getting eagerly injected into a currently created BeanPostProcessor [jobRegistryBeanPostProcessor]? Check the corresponding BeanPostProcessor declaration and its dependencies.
2025-07-22T15:54:03.724+09:00  WARN 11620 --- [restartedMain] trationDelegate$BeanPostProcessorChecker : Bean 'spring.batch-org.springframework.boot.autoconfigure.batch.BatchProperties' of type [org.springframework.boot.autoconfigure.batch.BatchProperties] is not eligible for getting processed by all BeanPostProcessors (for example: not eligible for auto-proxying). Is this bean getting eagerly injected into a currently created BeanPostProcessor [jobRegistryBeanPostProcessor]? Check the corresponding BeanPostProcessor declaration and its dependencies.
2025-07-22T15:54:03.756+09:00  INFO 11620 --- [restartedMain] com.zaxxer.hikari.HikariDataSource       : HikariPool-1 - Starting...
2025-07-22T15:54:05.990+09:00  INFO 11620 --- [restartedMain] com.zaxxer.hikari.pool.HikariPool        : HikariPool-1 - Added connection ConnectionID:1 ClientConnectionId: 9bd24ff1-5bb8-4dcf-ae00-a2f2c440f7e8
2025-07-22T15:54:06.000+09:00  INFO 11620 --- [restartedMain] com.zaxxer.hikari.HikariDataSource       : HikariPool-1 - Start completed.
2025-07-22T15:54:07.320+09:00  WARN 11620 --- [restartedMain] trationDelegate$BeanPostProcessorChecker : Bean 'batchDataSourceInitializer' of type [org.springframework.boot.autoconfigure.batch.BatchDataSourceScriptDatabaseInitializer] is not eligible for getting processed by all BeanPostProcessors (for example: not eligible for auto-proxying). Is this bean getting eagerly injected into a currently created BeanPostProcessor [jobRegistryBeanPostProcessor]? Check the corresponding BeanPostProcessor declaration and its dependencies.
2025-07-22T15:54:07.337+09:00  WARN 11620 --- [restartedMain] trationDelegate$BeanPostProcessorChecker : Bean 'org.springframework.boot.devtools.autoconfigure.DevToolsDataSourceAutoConfiguration' of type [org.springframework.boot.devtools.autoconfigure.DevToolsDataSourceAutoConfiguration] is not eligible for getting processed by all BeanPostProcessors (for example: not eligible for auto-proxying). Is this bean getting eagerly injected into a currently created BeanPostProcessor [jobRegistryBeanPostProcessor]? Check the corresponding BeanPostProcessor declaration and its dependencies.
2025-07-22T15:54:07.354+09:00  WARN 11620 --- [restartedMain] trationDelegate$BeanPostProcessorChecker : Bean 'inMemoryDatabaseShutdownExecutor' of type [org.springframework.boot.devtools.autoconfigure.DevToolsDataSourceAutoConfiguration$NonEmbeddedInMemoryDatabaseShutdownExecutor] is not eligible for getting processed by all BeanPostProcessors (for example: not eligible for auto-proxying). Is this bean getting eagerly injected into a currently created BeanPostProcessor [jobRegistryBeanPostProcessor]? Check the corresponding BeanPostProcessor declaration and its dependencies.
2025-07-22T15:54:07.419+09:00  WARN 11620 --- [restartedMain] trationDelegate$BeanPostProcessorChecker : Bean 'jpaVendorAdapter' of type [org.springframework.orm.jpa.vendor.HibernateJpaVendorAdapter] is not eligible for getting processed by all BeanPostProcessors (for example: not eligible for auto-proxying). Is this bean getting eagerly injected into a currently created BeanPostProcessor [jobRegistryBeanPostProcessor]? Check the corresponding BeanPostProcessor declaration and its dependencies.
2025-07-22T15:54:07.460+09:00  WARN 11620 --- [restartedMain] trationDelegate$BeanPostProcessorChecker : Bean 'entityManagerFactoryBuilder' of type [org.springframework.boot.orm.jpa.EntityManagerFactoryBuilder] is not eligible for getting processed by all BeanPostProcessors (for example: not eligible for auto-proxying). Is this bean getting eagerly injected into a currently created BeanPostProcessor [jobRegistryBeanPostProcessor]? Check the corresponding BeanPostProcessor declaration and its dependencies.
2025-07-22T15:54:07.549+09:00  WARN 11620 --- [restartedMain] trationDelegate$BeanPostProcessorChecker : Bean 'persistenceManagedTypes' of type [org.springframework.orm.jpa.persistenceunit.SimplePersistenceManagedTypes] is not eligible for getting processed by all BeanPostProcessors (for example: not eligible for auto-proxying). Is this bean getting eagerly injected into a currently created BeanPostProcessor [jobRegistryBeanPostProcessor]? Check the corresponding BeanPostProcessor declaration and its dependencies.
2025-07-22T15:54:07.746+09:00  INFO 11620 --- [restartedMain] o.hibernate.jpa.internal.util.LogHelper  : HHH000204: Processing PersistenceUnitInfo [name: default]
2025-07-22T15:54:08.144+09:00  INFO 11620 --- [restartedMain] org.hibernate.Version                    : HHH000412: Hibernate ORM core version 6.3.1.Final
2025-07-22T15:54:08.379+09:00  INFO 11620 --- [restartedMain] o.h.c.internal.RegionFactoryInitiator    : HHH000026: Second-level cache disabled
2025-07-22T15:54:09.821+09:00  INFO 11620 --- [restartedMain] o.s.o.j.p.SpringPersistenceUnitInfo      : No LoadTimeWeaver setup: ignoring JPA class transformer
2025-07-22T15:54:10.117+09:00  WARN 11620 --- [restartedMain] org.hibernate.orm.deprecation            : HHH90000025: SQLServer2016Dialect does not need to be specified explicitly using 'hibernate.dialect' (remove the property setting and it will be selected by default)
2025-07-22T15:54:10.122+09:00  WARN 11620 --- [restartedMain] org.hibernate.orm.deprecation            : HHH90000026: SQLServer2016Dialect has been deprecated; use org.hibernate.dialect.SQLServerDialect instead
2025-07-22T15:54:19.226+09:00  INFO 11620 --- [restartedMain] o.h.e.t.j.p.i.JtaPlatformInitiator       : HHH000489: No JTA platform available (set 'hibernate.transaction.jta.platform' to enable JTA platform integration)
2025-07-22T15:54:24.061+09:00 DEBUG 11620 --- [restartedMain] org.hibernate.SQL                        : 
    alter table bom 
       drop constraint if exists UKnmb6fqhvcphq9t5p2rbpv2c8g
2025-07-22T15:54:24.123+09:00 DEBUG 11620 --- [restartedMain] org.hibernate.SQL                        : 
    alter table bom 
       add constraint UKnmb6fqhvcphq9t5p2rbpv2c8g unique (bom_code)
2025-07-22T15:54:32.846+09:00  INFO 11620 --- [restartedMain] j.LocalContainerEntityManagerFactoryBean : Initialized JPA EntityManagerFactory for persistence unit 'default'
2025-07-22T15:54:32.866+09:00  WARN 11620 --- [restartedMain] trationDelegate$BeanPostProcessorChecker : Bean 'entityManagerFactory' of type [org.springframework.orm.jpa.LocalContainerEntityManagerFactoryBean] is not eligible for getting processed by all BeanPostProcessors (for example: not eligible for auto-proxying). Is this bean getting eagerly injected into a currently created BeanPostProcessor [jobRegistryBeanPostProcessor]? Check the corresponding BeanPostProcessor declaration and its dependencies.
2025-07-22T15:54:32.886+09:00  WARN 11620 --- [restartedMain] trationDelegate$BeanPostProcessorChecker : Bean 'entityManagerFactory' of type [jdk.proxy4.$Proxy156] is not eligible for getting processed by all BeanPostProcessors (for example: not eligible for auto-proxying). Is this bean getting eagerly injected into a currently created BeanPostProcessor [jobRegistryBeanPostProcessor]? Check the corresponding BeanPostProcessor declaration and its dependencies.
2025-07-22T15:54:32.920+09:00  WARN 11620 --- [restartedMain] trationDelegate$BeanPostProcessorChecker : Bean 'transactionManager' of type [org.springframework.orm.jpa.JpaTransactionManager] is not eligible for getting processed by all BeanPostProcessors (for example: not eligible for auto-proxying). Is this bean getting eagerly injected into a currently created BeanPostProcessor [jobRegistryBeanPostProcessor]? Check the corresponding BeanPostProcessor declaration and its dependencies.
2025-07-22T15:54:32.958+09:00  WARN 11620 --- [restartedMain] trationDelegate$BeanPostProcessorChecker : Bean 'org.springframework.boot.autoconfigure.batch.BatchAutoConfiguration$SpringBootBatchConfiguration' of type [org.springframework.boot.autoconfigure.batch.BatchAutoConfiguration$SpringBootBatchConfiguration] is not eligible for getting processed by all BeanPostProcessors (for example: not eligible for auto-proxying). The currently created BeanPostProcessor [jobRegistryBeanPostProcessor] is declared through a non-static factory method on that class; consider declaring it as static instead.
2025-07-22T15:54:34.471+09:00  INFO 11620 --- [restartedMain] o.s.b.w.embedded.tomcat.TomcatWebServer  : Tomcat initialized with port 8080 (http)
2025-07-22T15:54:34.509+09:00  INFO 11620 --- [restartedMain] o.apache.catalina.core.StandardService   : Starting service [Tomcat]
2025-07-22T15:54:34.510+09:00  INFO 11620 --- [restartedMain] o.apache.catalina.core.StandardEngine    : Starting Servlet engine: [Apache Tomcat/10.1.16]
2025-07-22T15:54:34.781+09:00  INFO 11620 --- [restartedMain] o.a.c.c.C.[Tomcat].[localhost].[/]       : Initializing Spring embedded WebApplicationContext
2025-07-22T15:54:34.784+09:00  INFO 11620 --- [restartedMain] w.s.c.ServletWebServerApplicationContext : Root WebApplicationContext: initialization completed in 46087 ms
2025-07-22T15:54:37.247+09:00  INFO 11620 --- [restartedMain] o.s.d.j.r.query.QueryEnhancerFactory     : Hibernate is in classpath; If applicable, HQL parser will be used.
2025-07-22T15:54:40.476+09:00  WARN 11620 --- [restartedMain] JpaBaseConfiguration$JpaWebConfiguration : spring.jpa.open-in-view is enabled by default. Therefore, database queries may be performed during view rendering. Explicitly configure spring.jpa.open-in-view to disable this warning
2025-07-22T15:54:46.916+09:00  INFO 11620 --- [restartedMain] o.s.b.a.e.web.EndpointLinksResolver      : Exposing 2 endpoint(s) beneath base path '/actuator'
2025-07-22T15:54:47.654+09:00  INFO 11620 --- [restartedMain] o.s.s.web.DefaultSecurityFilterChain     : Will secure any request with [org.springframework.security.web.session.DisableEncodeUrlFilter@7e31e99c, org.springframework.security.web.context.request.async.WebAsyncManagerIntegrationFilter@12f3e210, org.springframework.security.web.context.SecurityContextHolderFilter@3d04e6bf, org.springframework.security.web.header.HeaderWriterFilter@6e79e227, org.springframework.web.filter.CorsFilter@1309dba6, org.springframework.security.web.authentication.logout.LogoutFilter@40fdcb36, org.springframework.security.web.authentication.UsernamePasswordAuthenticationFilter@7bf126b1, org.springframework.security.web.savedrequest.RequestCacheAwareFilter@6a5eee75, org.springframework.security.web.servletapi.SecurityContextHolderAwareRequestFilter@756a88c7, org.springframework.security.web.authentication.AnonymousAuthenticationFilter@319f77e5, org.springframework.security.web.access.ExceptionTranslationFilter@4d073257, org.springframework.security.web.access.intercept.AuthorizationFilter@3640fcb4]
2025-07-22T15:54:51.363+09:00  INFO 11620 --- [restartedMain] o.s.b.d.a.OptionalLiveReloadServer       : LiveReload server is running on port 35729
2025-07-22T15:54:52.101+09:00  INFO 11620 --- [restartedMain] o.s.i.endpoint.EventDrivenConsumer       : Adding {logging-channel-adapter:_org.springframework.integration.errorLogger} as a subscriber to the 'errorChannel' channel
2025-07-22T15:54:52.103+09:00  INFO 11620 --- [restartedMain] o.s.i.channel.PublishSubscribeChannel    : Channel 'application.errorChannel' has 1 subscriber(s).
2025-07-22T15:54:52.104+09:00  INFO 11620 --- [restartedMain] o.s.i.endpoint.EventDrivenConsumer       : started bean '_org.springframework.integration.errorLogger'
2025-07-22T15:54:52.196+09:00  INFO 11620 --- [restartedMain] o.s.b.w.embedded.tomcat.TomcatWebServer  : Tomcat started on port 8080 (http) with context path ''
2025-07-22T15:54:52.306+09:00  INFO 11620 --- [restartedMain] com.smartFactory.BaseApplication         : Started BaseApplication in 65.877 seconds (process running for 73.525)
2025-07-22T15:54:52.329+09:00  INFO 11620 --- [restartedMain] o.s.b.a.b.JobLauncherApplicationRunner   : Running default command line with: []
2025-07-22T15:54:53.320+09:00  INFO 11620 --- [RMI TCP Connection(2)-192.168.1.2] o.a.c.c.C.[Tomcat].[localhost].[/]       : Initializing Spring DispatcherServlet 'dispatcherServlet'
2025-07-22T15:54:53.321+09:00  INFO 11620 --- [RMI TCP Connection(2)-192.168.1.2] o.s.web.servlet.DispatcherServlet        : Initializing Servlet 'dispatcherServlet'
2025-07-22T15:54:53.330+09:00  INFO 11620 --- [RMI TCP Connection(2)-192.168.1.2] o.s.web.servlet.DispatcherServlet        : Completed initialization in 8 ms
2025-07-22T15:59:09.308+09:00 DEBUG 11620 --- [http-nio-8080-exec-1] org.hibernate.SQL                        : 
    select
        i1_0.id,
        i1_0.created_at,
        i1_0.is_active,
        i1_0.item_code,
        i1_0.item_name,
        i1_0.item_type,
        i1_0.safety_stock,
        i1_0.spec,
        i1_0.unit,
        i1_0.updated_at 
    from
        item i1_0 
    where
        1=1 
        and i1_0.is_active=? 
        and i1_0.item_type=? 
    order by
        (select
            0) 
    offset
        ? rows 
    fetch
        first ? rows only
2025-07-22T15:59:09.310+09:00 DEBUG 11620 --- [http-nio-8080-exec-2] org.hibernate.SQL                        : 
    select
        i1_0.id,
        i1_0.created_at,
        i1_0.is_active,
        i1_0.item_code,
        i1_0.item_name,
        i1_0.item_type,
        i1_0.safety_stock,
        i1_0.spec,
        i1_0.unit,
        i1_0.updated_at 
    from
        item i1_0 
    where
        1=1 
        and i1_0.is_active=? 
    order by
        (select
            0) 
    offset
        ? rows 
    fetch
        first ? rows only
2025-07-22T15:59:09.903+09:00 DEBUG 11620 --- [http-nio-8080-exec-4] org.hibernate.SQL                        : 
    select
        i1_0.id,
        i1_0.created_at,
        i1_0.is_active,
        i1_0.item_code,
        i1_0.item_name,
        i1_0.item_type,
        i1_0.safety_stock,
        i1_0.spec,
        i1_0.unit,
        i1_0.updated_at 
    from
        item i1_0 
    where
        1=1 
        and i1_0.is_active=? 
        and i1_0.item_type=? 
    order by
        (select
            0) 
    offset
        ? rows 
    fetch
        first ? rows only
2025-07-22T15:59:09.910+09:00 DEBUG 11620 --- [http-nio-8080-exec-3] org.hibernate.SQL                        : 
    select
        i1_0.id,
        i1_0.created_at,
        i1_0.is_active,
        i1_0.item_code,
        i1_0.item_name,
        i1_0.item_type,
        i1_0.safety_stock,
        i1_0.spec,
        i1_0.unit,
        i1_0.updated_at 
    from
        item i1_0 
    where
        1=1 
        and i1_0.is_active=? 
    order by
        (select
            0) 
    offset
        ? rows 
    fetch
        first ? rows only
2025-07-22T15:59:11.243+09:00 DEBUG 11620 --- [http-nio-8080-exec-5] org.hibernate.SQL                        : 
    select
        b1_0.id,
        b1_0.child_item_id,
        b1_0.created_at,
        b1_0.is_active,
        b1_0.level,
        b1_0.parent_item_id,
        b1_0.path,
        b1_0.quantity,
        b1_0.updated_at 
    from
        bom b1_0 
    join
        item pi1_0 
            on pi1_0.id=b1_0.parent_item_id 
    where
        pi1_0.item_code=? 
        and b1_0.is_active=1 
    order by
        b1_0.path
2025-07-22T15:59:18.563+09:00 DEBUG 11620 --- [http-nio-8080-exec-6] org.hibernate.SQL                        : 
    select
        i1_0.id,
        i1_0.created_at,
        i1_0.is_active,
        i1_0.item_code,
        i1_0.item_name,
        i1_0.item_type,
        i1_0.safety_stock,
        i1_0.spec,
        i1_0.unit,
        i1_0.updated_at 
    from
        item i1_0 
    where
        i1_0.item_code=?
2025-07-22T15:59:18.621+09:00 DEBUG 11620 --- [http-nio-8080-exec-6] org.hibernate.SQL                        : 
    select
        i1_0.id,
        i1_0.created_at,
        i1_0.is_active,
        i1_0.item_code,
        i1_0.item_name,
        i1_0.item_type,
        i1_0.safety_stock,
        i1_0.spec,
        i1_0.unit,
        i1_0.updated_at 
    from
        item i1_0 
    where
        i1_0.item_code=?
2025-07-22T15:59:18.639+09:00 DEBUG 11620 --- [http-nio-8080-exec-6] org.hibernate.SQL                        : 
    select
        b1_0.id,
        b1_0.child_item_id,
        b1_0.created_at,
        b1_0.is_active,
        b1_0.level,
        b1_0.parent_item_id,
        b1_0.path,
        b1_0.quantity,
        b1_0.updated_at 
    from
        bom b1_0 
    join
        item pi1_0 
            on pi1_0.id=b1_0.parent_item_id 
    where
        pi1_0.item_code=? 
    order by
        b1_0.path
2025-07-22T15:59:18.844+09:00 DEBUG 11620 --- [http-nio-8080-exec-6] org.hibernate.SQL                        : 
    insert 
    into
        bom
        (child_item_id, created_at, is_active, level, parent_item_id, path, quantity, updated_at) 
    values
        (?, ?, ?, ?, ?, ?, ?, ?)
2025-07-22T15:59:19.389+09:00 DEBUG 11620 --- [http-nio-8080-exec-7] org.hibernate.SQL                        : 
    select
        b1_0.id,
        b1_0.child_item_id,
        b1_0.created_at,
        b1_0.is_active,
        b1_0.level,
        b1_0.parent_item_id,
        b1_0.path,
        b1_0.quantity,
        b1_0.updated_at 
    from
        bom b1_0 
    join
        item pi1_0 
            on pi1_0.id=b1_0.parent_item_id 
    where
        pi1_0.item_code=? 
        and b1_0.is_active=1 
    order by
        b1_0.path
2025-07-22T15:59:19.456+09:00 DEBUG 11620 --- [http-nio-8080-exec-7] org.hibernate.SQL                        : 
    select
        i1_0.id,
        i1_0.created_at,
        i1_0.is_active,
        i1_0.item_code,
        i1_0.item_name,
        i1_0.item_type,
        i1_0.safety_stock,
        i1_0.spec,
        i1_0.unit,
        i1_0.updated_at 
    from
        item i1_0 
    where
        i1_0.id=?
2025-07-22T15:59:25.892+09:00 DEBUG 11620 --- [http-nio-8080-exec-10] org.hibernate.SQL                        : 
    select
        b1_0.id,
        b1_0.child_item_id,
        b1_0.created_at,
        b1_0.is_active,
        b1_0.level,
        b1_0.parent_item_id,
        b1_0.path,
        b1_0.quantity,
        b1_0.updated_at 
    from
        bom b1_0 
    join
        item pi1_0 
            on pi1_0.id=b1_0.parent_item_id 
    where
        pi1_0.item_code=? 
        and b1_0.is_active=1 
    order by
        b1_0.path
2025-07-22T15:59:32.990+09:00 DEBUG 11620 --- [http-nio-8080-exec-8] org.hibernate.SQL                        : 
    select
        i1_0.id,
        i1_0.created_at,
        i1_0.is_active,
        i1_0.item_code,
        i1_0.item_name,
        i1_0.item_type,
        i1_0.safety_stock,
        i1_0.spec,
        i1_0.unit,
        i1_0.updated_at 
    from
        item i1_0 
    where
        i1_0.item_code=?
2025-07-22T15:59:33.084+09:00 DEBUG 11620 --- [http-nio-8080-exec-8] org.hibernate.SQL                        : 
    select
        i1_0.id,
        i1_0.created_at,
        i1_0.is_active,
        i1_0.item_code,
        i1_0.item_name,
        i1_0.item_type,
        i1_0.safety_stock,
        i1_0.spec,
        i1_0.unit,
        i1_0.updated_at 
    from
        item i1_0 
    where
        i1_0.item_code=?
2025-07-22T15:59:33.100+09:00 DEBUG 11620 --- [http-nio-8080-exec-8] org.hibernate.SQL                        : 
    select
        b1_0.id,
        b1_0.child_item_id,
        b1_0.created_at,
        b1_0.is_active,
        b1_0.level,
        b1_0.parent_item_id,
        b1_0.path,
        b1_0.quantity,
        b1_0.updated_at 
    from
        bom b1_0 
    join
        item pi1_0 
            on pi1_0.id=b1_0.parent_item_id 
    where
        pi1_0.item_code=? 
    order by
        b1_0.path
2025-07-22T15:59:33.136+09:00 DEBUG 11620 --- [http-nio-8080-exec-8] org.hibernate.SQL                        : 
    insert 
    into
        bom
        (child_item_id, created_at, is_active, level, parent_item_id, path, quantity, updated_at) 
    values
        (?, ?, ?, ?, ?, ?, ?, ?)
2025-07-22T15:59:33.228+09:00 DEBUG 11620 --- [http-nio-8080-exec-9] org.hibernate.SQL                        : 
    select
        b1_0.id,
        b1_0.child_item_id,
        b1_0.created_at,
        b1_0.is_active,
        b1_0.level,
        b1_0.parent_item_id,
        b1_0.path,
        b1_0.quantity,
        b1_0.updated_at 
    from
        bom b1_0 
    join
        item pi1_0 
            on pi1_0.id=b1_0.parent_item_id 
    where
        pi1_0.item_code=? 
        and b1_0.is_active=1 
    order by
        b1_0.path
2025-07-22T15:59:33.296+09:00 DEBUG 11620 --- [http-nio-8080-exec-9] org.hibernate.SQL                        : 
    select
        i1_0.id,
        i1_0.created_at,
        i1_0.is_active,
        i1_0.item_code,
        i1_0.item_name,
        i1_0.item_type,
        i1_0.safety_stock,
        i1_0.spec,
        i1_0.unit,
        i1_0.updated_at 
    from
        item i1_0 
    where
        i1_0.id=?
2025-07-22T15:59:39.312+09:00 DEBUG 11620 --- [http-nio-8080-exec-1] org.hibernate.SQL                        : 
    select
        i1_0.id,
        i1_0.created_at,
        i1_0.is_active,
        i1_0.item_code,
        i1_0.item_name,
        i1_0.item_type,
        i1_0.safety_stock,
        i1_0.spec,
        i1_0.unit,
        i1_0.updated_at 
    from
        item i1_0 
    where
        i1_0.item_code=?
2025-07-22T15:59:39.333+09:00 DEBUG 11620 --- [http-nio-8080-exec-1] org.hibernate.SQL                        : 
    select
        i1_0.id,
        i1_0.created_at,
        i1_0.is_active,
        i1_0.item_code,
        i1_0.item_name,
        i1_0.item_type,
        i1_0.safety_stock,
        i1_0.spec,
        i1_0.unit,
        i1_0.updated_at 
    from
        item i1_0 
    where
        i1_0.item_code=?
2025-07-22T15:59:39.341+09:00 DEBUG 11620 --- [http-nio-8080-exec-1] org.hibernate.SQL                        : 
    select
        b1_0.id,
        b1_0.child_item_id,
        b1_0.created_at,
        b1_0.is_active,
        b1_0.level,
        b1_0.parent_item_id,
        b1_0.path,
        b1_0.quantity,
        b1_0.updated_at 
    from
        bom b1_0 
    join
        item pi1_0 
            on pi1_0.id=b1_0.parent_item_id 
    where
        pi1_0.item_code=? 
    order by
        b1_0.path
2025-07-22T15:59:39.366+09:00 DEBUG 11620 --- [http-nio-8080-exec-1] org.hibernate.SQL                        : 
    insert 
    into
        bom
        (child_item_id, created_at, is_active, level, parent_item_id, path, quantity, updated_at) 
    values
        (?, ?, ?, ?, ?, ?, ?, ?)
2025-07-22T15:59:39.742+09:00 DEBUG 11620 --- [http-nio-8080-exec-2] org.hibernate.SQL                        : 
    select
        b1_0.id,
        b1_0.child_item_id,
        b1_0.created_at,
        b1_0.is_active,
        b1_0.level,
        b1_0.parent_item_id,
        b1_0.path,
        b1_0.quantity,
        b1_0.updated_at 
    from
        bom b1_0 
    join
        item pi1_0 
            on pi1_0.id=b1_0.parent_item_id 
    where
        pi1_0.item_code=? 
        and b1_0.is_active=1 
    order by
        b1_0.path
2025-07-22T15:59:39.777+09:00 DEBUG 11620 --- [http-nio-8080-exec-2] org.hibernate.SQL                        : 
    select
        i1_0.id,
        i1_0.created_at,
        i1_0.is_active,
        i1_0.item_code,
        i1_0.item_name,
        i1_0.item_type,
        i1_0.safety_stock,
        i1_0.spec,
        i1_0.unit,
        i1_0.updated_at 
    from
        item i1_0 
    where
        i1_0.id=?
2025-07-22T16:02:28.035+09:00 DEBUG 11620 --- [http-nio-8080-exec-5] org.hibernate.SQL                        : 
    select
        i1_0.id,
        i1_0.created_at,
        i1_0.is_active,
        i1_0.item_code,
        i1_0.item_name,
        i1_0.item_type,
        i1_0.safety_stock,
        i1_0.spec,
        i1_0.unit,
        i1_0.updated_at 
    from
        item i1_0 
    where
        1=1 
        and i1_0.is_active=? 
        and i1_0.item_type=? 
    order by
        (select
            0) 
    offset
        ? rows 
    fetch
        first ? rows only
2025-07-22T16:02:28.142+09:00 DEBUG 11620 --- [http-nio-8080-exec-5] org.hibernate.SQL                        : 
    select
        count_big(i1_0.id) 
    from
        item i1_0 
    where
        1=1 
        and i1_0.is_active=? 
        and i1_0.item_type=?
2025-07-22T16:02:28.531+09:00 DEBUG 11620 --- [http-nio-8080-exec-10] org.hibernate.SQL                        : 
    select
        i1_0.id,
        i1_0.created_at,
        i1_0.is_active,
        i1_0.item_code,
        i1_0.item_name,
        i1_0.item_type,
        i1_0.safety_stock,
        i1_0.spec,
        i1_0.unit,
        i1_0.updated_at 
    from
        item i1_0 
    where
        1=1 
        and i1_0.is_active=? 
        and i1_0.item_type=? 
    order by
        (select
            0) 
    offset
        ? rows 
    fetch
        first ? rows only
2025-07-22T16:02:28.545+09:00 DEBUG 11620 --- [http-nio-8080-exec-10] org.hibernate.SQL                        : 
    select
        count_big(i1_0.id) 
    from
        item i1_0 
    where
        1=1 
        and i1_0.is_active=? 
        and i1_0.item_type=?
2025-07-22T16:02:29.632+09:00 DEBUG 11620 --- [http-nio-8080-exec-1] org.hibernate.SQL                        : 
    select
        i1_0.id,
        i1_0.created_at,
        i1_0.is_active,
        i1_0.item_code,
        i1_0.item_name,
        i1_0.item_type,
        i1_0.safety_stock,
        i1_0.spec,
        i1_0.unit,
        i1_0.updated_at 
    from
        item i1_0 
    where
        1=1 
        and i1_0.is_active=? 
    order by
        (select
            0) 
    offset
        ? rows 
    fetch
        first ? rows only
2025-07-22T16:02:29.647+09:00 DEBUG 11620 --- [http-nio-8080-exec-1] org.hibernate.SQL                        : 
    select
        count_big(i1_0.id) 
    from
        item i1_0 
    where
        1=1 
        and i1_0.is_active=?
2025-07-22T16:02:30.001+09:00 DEBUG 11620 --- [http-nio-8080-exec-4] org.hibernate.SQL                        : 
    select
        i1_0.id,
        i1_0.created_at,
        i1_0.is_active,
        i1_0.item_code,
        i1_0.item_name,
        i1_0.item_type,
        i1_0.safety_stock,
        i1_0.spec,
        i1_0.unit,
        i1_0.updated_at 
    from
        item i1_0 
    where
        1=1 
        and i1_0.is_active=? 
    order by
        (select
            0) 
    offset
        ? rows 
    fetch
        first ? rows only
2025-07-22T16:02:30.009+09:00 DEBUG 11620 --- [http-nio-8080-exec-4] org.hibernate.SQL                        : 
    select
        count_big(i1_0.id) 
    from
        item i1_0 
    where
        1=1 
        and i1_0.is_active=?
2025-07-22T16:02:41.765+09:00 DEBUG 11620 --- [http-nio-8080-exec-7] org.hibernate.SQL                        : 
    select
        po1_0.id,
        po1_0.created_at,
        po1_0.is_deleted,
        po1_0.due_date,
        po1_0.item_code,
        po1_0.order_date,
        po1_0.order_number,
        po1_0.quantity,
        po1_0.remarks,
        po1_0.status,
        po1_0.updated_at 
    from
        production_orders po1_0 
    where
        (
            po1_0.is_deleted = 0
        ) 
        and 1=1 
    order by
        (select
            0) 
    offset
        ? rows 
    fetch
        first ? rows only
2025-07-22T16:02:41.810+09:00 DEBUG 11620 --- [http-nio-8080-exec-6] org.hibernate.SQL                        : 
    select
        po1_0.id,
        po1_0.created_at,
        po1_0.is_deleted,
        po1_0.due_date,
        po1_0.item_code,
        po1_0.order_date,
        po1_0.order_number,
        po1_0.quantity,
        po1_0.remarks,
        po1_0.status,
        po1_0.updated_at 
    from
        production_orders po1_0 
    where
        (
            po1_0.is_deleted = 0
        ) 
        and 1=1 
    order by
        (select
            0) 
    offset
        ? rows 
    fetch
        first ? rows only
2025-07-22T16:02:52.649+09:00 DEBUG 11620 --- [http-nio-8080-exec-5] org.hibernate.SQL                        : 
    select
        po1_0.id,
        po1_0.created_at,
        po1_0.is_deleted,
        po1_0.due_date,
        po1_0.item_code,
        po1_0.order_date,
        po1_0.order_number,
        po1_0.quantity,
        po1_0.remarks,
        po1_0.status,
        po1_0.updated_at 
    from
        production_orders po1_0 
    where
        (
            po1_0.is_deleted = 0
        ) 
        and 1=1 
    order by
        (select
            0) 
    offset
        ? rows 
    fetch
        first ? rows only
2025-07-22T16:02:53.003+09:00 DEBUG 11620 --- [http-nio-8080-exec-10] org.hibernate.SQL                        : 
    select
        po1_0.id,
        po1_0.created_at,
        po1_0.is_deleted,
        po1_0.due_date,
        po1_0.item_code,
        po1_0.order_date,
        po1_0.order_number,
        po1_0.quantity,
        po1_0.remarks,
        po1_0.status,
        po1_0.updated_at 
    from
        production_orders po1_0 
    where
        (
            po1_0.is_deleted = 0
        ) 
        and 1=1 
    order by
        (select
            0) 
    offset
        ? rows 
    fetch
        first ? rows only
2025-07-22T16:06:53.345+09:00  INFO 11620 --- [File Watcher] rtingClassPathChangeChangedEventListener : Restarting due to 7 class path changes (0 additions, 7 deletions, 0 modifications)
2025-07-22T16:06:53.660+09:00  INFO 11620 --- [Thread-5] o.s.i.endpoint.EventDrivenConsumer       : Removing {logging-channel-adapter:_org.springframework.integration.errorLogger} as a subscriber to the 'errorChannel' channel
2025-07-22T16:06:53.661+09:00  INFO 11620 --- [Thread-5] o.s.i.channel.PublishSubscribeChannel    : Channel 'application.errorChannel' has 0 subscriber(s).
2025-07-22T16:06:53.663+09:00  INFO 11620 --- [Thread-5] o.s.i.endpoint.EventDrivenConsumer       : stopped bean '_org.springframework.integration.errorLogger'
2025-07-22T16:06:53.699+09:00  INFO 11620 --- [Thread-5] j.LocalContainerEntityManagerFactoryBean : Closing JPA EntityManagerFactory for persistence unit 'default'
2025-07-22T16:06:53.720+09:00  INFO 11620 --- [Thread-5] com.zaxxer.hikari.HikariDataSource       : HikariPool-1 - Shutdown initiated...
2025-07-22T16:06:53.753+09:00  INFO 11620 --- [Thread-5] com.zaxxer.hikari.HikariDataSource       : HikariPool-1 - Shutdown completed.
2025-07-22T16:06:54.373+09:00  INFO 11620 --- [restartedMain] com.smartFactory.BaseApplication         : Starting BaseApplication using Java 17.0.14 with PID 11620 (E:\happyeon\Project\smartFactory\backend\out\production\classes started by happy in E:\happyeon\Project\smartFactory)
2025-07-22T16:06:54.374+09:00  INFO 11620 --- [restartedMain] com.smartFactory.BaseApplication         : No active profile set, falling back to 1 default profile: "default"
2025-07-22T16:06:56.191+09:00  INFO 11620 --- [restartedMain] .s.d.r.c.RepositoryConfigurationDelegate : Bootstrapping Spring Data JPA repositories in DEFAULT mode.
2025-07-22T16:06:56.290+09:00  INFO 11620 --- [restartedMain] .s.d.r.c.RepositoryConfigurationDelegate : Finished Spring Data repository scanning in 98 ms. Found 3 JPA repository interfaces.
2025-07-22T16:06:57.550+09:00  INFO 11620 --- [restartedMain] faultConfiguringBeanFactoryPostProcessor : No bean named 'errorChannel' has been explicitly defined. Therefore, a default PublishSubscribeChannel will be created.
2025-07-22T16:06:57.552+09:00  INFO 11620 --- [restartedMain] faultConfiguringBeanFactoryPostProcessor : No bean named 'integrationHeaderChannelRegistry' has been explicitly defined. Therefore, a default DefaultHeaderChannelRegistry will be created.
2025-07-22T16:06:57.890+09:00  WARN 11620 --- [restartedMain] trationDelegate$BeanPostProcessorChecker : Bean 'org.springframework.boot.autoconfigure.jdbc.DataSourceConfiguration$Hikari' of type [org.springframework.boot.autoconfigure.jdbc.DataSourceConfiguration$Hikari] is not eligible for getting processed by all BeanPostProcessors (for example: not eligible for auto-proxying). Is this bean getting eagerly injected into a currently created BeanPostProcessor [jobRegistryBeanPostProcessor]? Check the corresponding BeanPostProcessor declaration and its dependencies.
2025-07-22T16:06:57.915+09:00  WARN 11620 --- [restartedMain] trationDelegate$BeanPostProcessorChecker : Bean 'spring.datasource-org.springframework.boot.autoconfigure.jdbc.DataSourceProperties' of type [org.springframework.boot.autoconfigure.jdbc.DataSourceProperties] is not eligible for getting processed by all BeanPostProcessors (for example: not eligible for auto-proxying). Is this bean getting eagerly injected into a currently created BeanPostProcessor [jobRegistryBeanPostProcessor]? Check the corresponding BeanPostProcessor declaration and its dependencies.
2025-07-22T16:06:57.928+09:00  WARN 11620 --- [restartedMain] trationDelegate$BeanPostProcessorChecker : Bean 'org.springframework.boot.autoconfigure.jdbc.DataSourceAutoConfiguration$PooledDataSourceConfiguration' of type [org.springframework.boot.autoconfigure.jdbc.DataSourceAutoConfiguration$PooledDataSourceConfiguration] is not eligible for getting processed by all BeanPostProcessors (for example: not eligible for auto-proxying). Is this bean getting eagerly injected into a currently created BeanPostProcessor [jobRegistryBeanPostProcessor]? Check the corresponding BeanPostProcessor declaration and its dependencies.
2025-07-22T16:06:57.935+09:00  WARN 11620 --- [restartedMain] trationDelegate$BeanPostProcessorChecker : Bean 'jdbcConnectionDetails' of type [org.springframework.boot.autoconfigure.jdbc.PropertiesJdbcConnectionDetails] is not eligible for getting processed by all BeanPostProcessors (for example: not eligible for auto-proxying). Is this bean getting eagerly injected into a currently created BeanPostProcessor [jobRegistryBeanPostProcessor]? Check the corresponding BeanPostProcessor declaration and its dependencies.
2025-07-22T16:06:57.968+09:00  WARN 11620 --- [restartedMain] trationDelegate$BeanPostProcessorChecker : Bean 'dataSource' of type [com.zaxxer.hikari.HikariDataSource] is not eligible for getting processed by all BeanPostProcessors (for example: not eligible for auto-proxying). Is this bean getting eagerly injected into a currently created BeanPostProcessor [jobRegistryBeanPostProcessor]? Check the corresponding BeanPostProcessor declaration and its dependencies.
2025-07-22T16:06:58.013+09:00  WARN 11620 --- [restartedMain] trationDelegate$BeanPostProcessorChecker : Bean 'spring.jpa-org.springframework.boot.autoconfigure.orm.jpa.JpaProperties' of type [org.springframework.boot.autoconfigure.orm.jpa.JpaProperties] is not eligible for getting processed by all BeanPostProcessors (for example: not eligible for auto-proxying). Is this bean getting eagerly injected into a currently created BeanPostProcessor [jobRegistryBeanPostProcessor]? Check the corresponding BeanPostProcessor declaration and its dependencies.
2025-07-22T16:06:58.025+09:00  WARN 11620 --- [restartedMain] trationDelegate$BeanPostProcessorChecker : Bean 'spring.jpa.hibernate-org.springframework.boot.autoconfigure.orm.jpa.HibernateProperties' of type [org.springframework.boot.autoconfigure.orm.jpa.HibernateProperties] is not eligible for getting processed by all BeanPostProcessors (for example: not eligible for auto-proxying). Is this bean getting eagerly injected into a currently created BeanPostProcessor [jobRegistryBeanPostProcessor]? Check the corresponding BeanPostProcessor declaration and its dependencies.
2025-07-22T16:06:58.035+09:00  WARN 11620 --- [restartedMain] trationDelegate$BeanPostProcessorChecker : Bean 'org.springframework.boot.autoconfigure.jdbc.metadata.DataSourcePoolMetadataProvidersConfiguration$HikariPoolDataSourceMetadataProviderConfiguration' of type [org.springframework.boot.autoconfigure.jdbc.metadata.DataSourcePoolMetadataProvidersConfiguration$HikariPoolDataSourceMetadataProviderConfiguration] is not eligible for getting processed by all BeanPostProcessors (for example: not eligible for auto-proxying). Is this bean getting eagerly injected into a currently created BeanPostProcessor [jobRegistryBeanPostProcessor]? Check the corresponding BeanPostProcessor declaration and its dependencies.
2025-07-22T16:06:58.039+09:00  WARN 11620 --- [restartedMain] trationDelegate$BeanPostProcessorChecker : Bean 'hikariPoolDataSourceMetadataProvider' of type [org.springframework.boot.autoconfigure.jdbc.metadata.DataSourcePoolMetadataProvidersConfiguration$HikariPoolDataSourceMetadataProviderConfiguration$$Lambda$718/0x0000027431577a00] is not eligible for getting processed by all BeanPostProcessors (for example: not eligible for auto-proxying). Is this bean getting eagerly injected into a currently created BeanPostProcessor [jobRegistryBeanPostProcessor]? Check the corresponding BeanPostProcessor declaration and its dependencies.
2025-07-22T16:06:58.057+09:00  WARN 11620 --- [restartedMain] trationDelegate$BeanPostProcessorChecker : Bean 'org.springframework.boot.autoconfigure.orm.jpa.HibernateJpaConfiguration' of type [org.springframework.boot.autoconfigure.orm.jpa.HibernateJpaConfiguration] is not eligible for getting processed by all BeanPostProcessors (for example: not eligible for auto-proxying). Is this bean getting eagerly injected into a currently created BeanPostProcessor [jobRegistryBeanPostProcessor]? Check the corresponding BeanPostProcessor declaration and its dependencies.
2025-07-22T16:06:58.078+09:00  WARN 11620 --- [restartedMain] trationDelegate$BeanPostProcessorChecker : Bean 'org.springframework.boot.autoconfigure.transaction.TransactionManagerCustomizationAutoConfiguration' of type [org.springframework.boot.autoconfigure.transaction.TransactionManagerCustomizationAutoConfiguration] is not eligible for getting processed by all BeanPostProcessors (for example: not eligible for auto-proxying). Is this bean getting eagerly injected into a currently created BeanPostProcessor [jobRegistryBeanPostProcessor]? Check the corresponding BeanPostProcessor declaration and its dependencies.
2025-07-22T16:06:58.086+09:00  WARN 11620 --- [restartedMain] trationDelegate$BeanPostProcessorChecker : Bean 'transactionExecutionListeners' of type [org.springframework.boot.autoconfigure.transaction.ExecutionListenersTransactionManagerCustomizer] is not eligible for getting processed by all BeanPostProcessors (for example: not eligible for auto-proxying). Is this bean getting eagerly injected into a currently created BeanPostProcessor [jobRegistryBeanPostProcessor]? Check the corresponding BeanPostProcessor declaration and its dependencies.
2025-07-22T16:06:58.094+09:00  WARN 11620 --- [restartedMain] trationDelegate$BeanPostProcessorChecker : Bean 'spring.transaction-org.springframework.boot.autoconfigure.transaction.TransactionProperties' of type [org.springframework.boot.autoconfigure.transaction.TransactionProperties] is not eligible for getting processed by all BeanPostProcessors (for example: not eligible for auto-proxying). Is this bean getting eagerly injected into a currently created BeanPostProcessor [jobRegistryBeanPostProcessor]? Check the corresponding BeanPostProcessor declaration and its dependencies.
2025-07-22T16:06:58.101+09:00  WARN 11620 --- [restartedMain] trationDelegate$BeanPostProcessorChecker : Bean 'platformTransactionManagerCustomizers' of type [org.springframework.boot.autoconfigure.transaction.TransactionManagerCustomizers] is not eligible for getting processed by all BeanPostProcessors (for example: not eligible for auto-proxying). Is this bean getting eagerly injected into a currently created BeanPostProcessor [jobRegistryBeanPostProcessor]? Check the corresponding BeanPostProcessor declaration and its dependencies.
2025-07-22T16:06:58.112+09:00  WARN 11620 --- [restartedMain] trationDelegate$BeanPostProcessorChecker : Bean 'org.springframework.boot.autoconfigure.sql.init.DataSourceInitializationConfiguration' of type [org.springframework.boot.autoconfigure.sql.init.DataSourceInitializationConfiguration] is not eligible for getting processed by all BeanPostProcessors (for example: not eligible for auto-proxying). Is this bean getting eagerly injected into a currently created BeanPostProcessor [jobRegistryBeanPostProcessor]? Check the corresponding BeanPostProcessor declaration and its dependencies.
2025-07-22T16:06:58.124+09:00  WARN 11620 --- [restartedMain] trationDelegate$BeanPostProcessorChecker : Bean 'spring.sql.init-org.springframework.boot.autoconfigure.sql.init.SqlInitializationProperties' of type [org.springframework.boot.autoconfigure.sql.init.SqlInitializationProperties] is not eligible for getting processed by all BeanPostProcessors (for example: not eligible for auto-proxying). Is this bean getting eagerly injected into a currently created BeanPostProcessor [jobRegistryBeanPostProcessor]? Check the corresponding BeanPostProcessor declaration and its dependencies.
2025-07-22T16:06:58.131+09:00  WARN 11620 --- [restartedMain] trationDelegate$BeanPostProcessorChecker : Bean 'dataSourceScriptDatabaseInitializer' of type [org.springframework.boot.autoconfigure.sql.init.SqlDataSourceScriptDatabaseInitializer] is not eligible for getting processed by all BeanPostProcessors (for example: not eligible for auto-proxying). Is this bean getting eagerly injected into a currently created BeanPostProcessor [jobRegistryBeanPostProcessor]? Check the corresponding BeanPostProcessor declaration and its dependencies.
2025-07-22T16:06:58.143+09:00  WARN 11620 --- [restartedMain] trationDelegate$BeanPostProcessorChecker : Bean 'org.springframework.boot.autoconfigure.batch.BatchAutoConfiguration$DataSourceInitializerConfiguration' of type [org.springframework.boot.autoconfigure.batch.BatchAutoConfiguration$DataSourceInitializerConfiguration] is not eligible for getting processed by all BeanPostProcessors (for example: not eligible for auto-proxying). Is this bean getting eagerly injected into a currently created BeanPostProcessor [jobRegistryBeanPostProcessor]? Check the corresponding BeanPostProcessor declaration and its dependencies.
2025-07-22T16:06:58.157+09:00  WARN 11620 --- [restartedMain] trationDelegate$BeanPostProcessorChecker : Bean 'spring.batch-org.springframework.boot.autoconfigure.batch.BatchProperties' of type [org.springframework.boot.autoconfigure.batch.BatchProperties] is not eligible for getting processed by all BeanPostProcessors (for example: not eligible for auto-proxying). Is this bean getting eagerly injected into a currently created BeanPostProcessor [jobRegistryBeanPostProcessor]? Check the corresponding BeanPostProcessor declaration and its dependencies.
2025-07-22T16:06:58.164+09:00  INFO 11620 --- [restartedMain] com.zaxxer.hikari.HikariDataSource       : HikariPool-2 - Starting...
2025-07-22T16:06:58.243+09:00  INFO 11620 --- [restartedMain] com.zaxxer.hikari.pool.HikariPool        : HikariPool-2 - Added connection ConnectionID:11 ClientConnectionId: 6653c6e2-bad1-4085-b475-1457e31cb3a3
2025-07-22T16:06:58.244+09:00  INFO 11620 --- [restartedMain] com.zaxxer.hikari.HikariDataSource       : HikariPool-2 - Start completed.
2025-07-22T16:06:58.274+09:00  WARN 11620 --- [restartedMain] trationDelegate$BeanPostProcessorChecker : Bean 'batchDataSourceInitializer' of type [org.springframework.boot.autoconfigure.batch.BatchDataSourceScriptDatabaseInitializer] is not eligible for getting processed by all BeanPostProcessors (for example: not eligible for auto-proxying). Is this bean getting eagerly injected into a currently created BeanPostProcessor [jobRegistryBeanPostProcessor]? Check the corresponding BeanPostProcessor declaration and its dependencies.
2025-07-22T16:06:58.280+09:00  WARN 11620 --- [restartedMain] trationDelegate$BeanPostProcessorChecker : Bean 'org.springframework.boot.devtools.autoconfigure.DevToolsDataSourceAutoConfiguration' of type [org.springframework.boot.devtools.autoconfigure.DevToolsDataSourceAutoConfiguration] is not eligible for getting processed by all BeanPostProcessors (for example: not eligible for auto-proxying). Is this bean getting eagerly injected into a currently created BeanPostProcessor [jobRegistryBeanPostProcessor]? Check the corresponding BeanPostProcessor declaration and its dependencies.
2025-07-22T16:06:58.287+09:00  WARN 11620 --- [restartedMain] trationDelegate$BeanPostProcessorChecker : Bean 'inMemoryDatabaseShutdownExecutor' of type [org.springframework.boot.devtools.autoconfigure.DevToolsDataSourceAutoConfiguration$NonEmbeddedInMemoryDatabaseShutdownExecutor] is not eligible for getting processed by all BeanPostProcessors (for example: not eligible for auto-proxying). Is this bean getting eagerly injected into a currently created BeanPostProcessor [jobRegistryBeanPostProcessor]? Check the corresponding BeanPostProcessor declaration and its dependencies.
2025-07-22T16:06:58.293+09:00  WARN 11620 --- [restartedMain] trationDelegate$BeanPostProcessorChecker : Bean 'jpaVendorAdapter' of type [org.springframework.orm.jpa.vendor.HibernateJpaVendorAdapter] is not eligible for getting processed by all BeanPostProcessors (for example: not eligible for auto-proxying). Is this bean getting eagerly injected into a currently created BeanPostProcessor [jobRegistryBeanPostProcessor]? Check the corresponding BeanPostProcessor declaration and its dependencies.
2025-07-22T16:06:58.309+09:00  WARN 11620 --- [restartedMain] trationDelegate$BeanPostProcessorChecker : Bean 'entityManagerFactoryBuilder' of type [org.springframework.boot.orm.jpa.EntityManagerFactoryBuilder] is not eligible for getting processed by all BeanPostProcessors (for example: not eligible for auto-proxying). Is this bean getting eagerly injected into a currently created BeanPostProcessor [jobRegistryBeanPostProcessor]? Check the corresponding BeanPostProcessor declaration and its dependencies.
2025-07-22T16:06:58.330+09:00  WARN 11620 --- [restartedMain] trationDelegate$BeanPostProcessorChecker : Bean 'persistenceManagedTypes' of type [org.springframework.orm.jpa.persistenceunit.SimplePersistenceManagedTypes] is not eligible for getting processed by all BeanPostProcessors (for example: not eligible for auto-proxying). Is this bean getting eagerly injected into a currently created BeanPostProcessor [jobRegistryBeanPostProcessor]? Check the corresponding BeanPostProcessor declaration and its dependencies.
2025-07-22T16:06:58.343+09:00  INFO 11620 --- [restartedMain] o.hibernate.jpa.internal.util.LogHelper  : HHH000204: Processing PersistenceUnitInfo [name: default]
2025-07-22T16:06:58.353+09:00  INFO 11620 --- [restartedMain] o.h.c.internal.RegionFactoryInitiator    : HHH000026: Second-level cache disabled
2025-07-22T16:06:58.375+09:00  INFO 11620 --- [restartedMain] o.s.o.j.p.SpringPersistenceUnitInfo      : No LoadTimeWeaver setup: ignoring JPA class transformer
2025-07-22T16:06:58.382+09:00  WARN 11620 --- [restartedMain] org.hibernate.orm.deprecation            : HHH90000025: SQLServer2016Dialect does not need to be specified explicitly using 'hibernate.dialect' (remove the property setting and it will be selected by default)
2025-07-22T16:06:58.382+09:00  WARN 11620 --- [restartedMain] org.hibernate.orm.deprecation            : HHH90000026: SQLServer2016Dialect has been deprecated; use org.hibernate.dialect.SQLServerDialect instead
2025-07-22T16:07:00.671+09:00  INFO 11620 --- [restartedMain] o.h.e.t.j.p.i.JtaPlatformInitiator       : HHH000489: No JTA platform available (set 'hibernate.transaction.jta.platform' to enable JTA platform integration)
2025-07-22T16:07:05.666+09:00  INFO 11620 --- [restartedMain] j.LocalContainerEntityManagerFactoryBean : Initialized JPA EntityManagerFactory for persistence unit 'default'
2025-07-22T16:07:05.676+09:00  WARN 11620 --- [restartedMain] trationDelegate$BeanPostProcessorChecker : Bean 'entityManagerFactory' of type [org.springframework.orm.jpa.LocalContainerEntityManagerFactoryBean] is not eligible for getting processed by all BeanPostProcessors (for example: not eligible for auto-proxying). Is this bean getting eagerly injected into a currently created BeanPostProcessor [jobRegistryBeanPostProcessor]? Check the corresponding BeanPostProcessor declaration and its dependencies.
2025-07-22T16:07:05.684+09:00  WARN 11620 --- [restartedMain] trationDelegate$BeanPostProcessorChecker : Bean 'entityManagerFactory' of type [jdk.proxy5.$Proxy205] is not eligible for getting processed by all BeanPostProcessors (for example: not eligible for auto-proxying). Is this bean getting eagerly injected into a currently created BeanPostProcessor [jobRegistryBeanPostProcessor]? Check the corresponding BeanPostProcessor declaration and its dependencies.
2025-07-22T16:07:05.697+09:00  WARN 11620 --- [restartedMain] trationDelegate$BeanPostProcessorChecker : Bean 'transactionManager' of type [org.springframework.orm.jpa.JpaTransactionManager] is not eligible for getting processed by all BeanPostProcessors (for example: not eligible for auto-proxying). Is this bean getting eagerly injected into a currently created BeanPostProcessor [jobRegistryBeanPostProcessor]? Check the corresponding BeanPostProcessor declaration and its dependencies.
2025-07-22T16:07:05.716+09:00  WARN 11620 --- [restartedMain] trationDelegate$BeanPostProcessorChecker : Bean 'org.springframework.boot.autoconfigure.batch.BatchAutoConfiguration$SpringBootBatchConfiguration' of type [org.springframework.boot.autoconfigure.batch.BatchAutoConfiguration$SpringBootBatchConfiguration] is not eligible for getting processed by all BeanPostProcessors (for example: not eligible for auto-proxying). The currently created BeanPostProcessor [jobRegistryBeanPostProcessor] is declared through a non-static factory method on that class; consider declaring it as static instead.
2025-07-22T16:07:05.948+09:00  INFO 11620 --- [restartedMain] o.s.b.w.embedded.tomcat.TomcatWebServer  : Tomcat initialized with port 8080 (http)
2025-07-22T16:07:05.949+09:00  INFO 11620 --- [restartedMain] o.apache.catalina.core.StandardService   : Starting service [Tomcat]
2025-07-22T16:07:05.949+09:00  INFO 11620 --- [restartedMain] o.apache.catalina.core.StandardEngine    : Starting Servlet engine: [Apache Tomcat/10.1.16]
2025-07-22T16:07:06.015+09:00  INFO 11620 --- [restartedMain] o.a.c.c.C.[Tomcat].[localhost].[/]       : Initializing Spring embedded WebApplicationContext
2025-07-22T16:07:06.015+09:00  INFO 11620 --- [restartedMain] w.s.c.ServletWebServerApplicationContext : Root WebApplicationContext: initialization completed in 11628 ms
2025-07-22T16:07:07.377+09:00  WARN 11620 --- [restartedMain] JpaBaseConfiguration$JpaWebConfiguration : spring.jpa.open-in-view is enabled by default. Therefore, database queries may be performed during view rendering. Explicitly configure spring.jpa.open-in-view to disable this warning
2025-07-22T16:07:08.383+09:00  INFO 11620 --- [restartedMain] o.s.b.a.e.web.EndpointLinksResolver      : Exposing 2 endpoint(s) beneath base path '/actuator'
2025-07-22T16:07:08.577+09:00  INFO 11620 --- [restartedMain] o.s.s.web.DefaultSecurityFilterChain     : Will secure any request with [org.springframework.security.web.session.DisableEncodeUrlFilter@39ac06a, org.springframework.security.web.context.request.async.WebAsyncManagerIntegrationFilter@51fb4616, org.springframework.security.web.context.SecurityContextHolderFilter@4ed65335, org.springframework.security.web.header.HeaderWriterFilter@385f1660, org.springframework.web.filter.CorsFilter@68fd9f7c, org.springframework.security.web.authentication.logout.LogoutFilter@561ec792, org.springframework.security.web.authentication.UsernamePasswordAuthenticationFilter@24b26381, org.springframework.security.web.savedrequest.RequestCacheAwareFilter@48402b12, org.springframework.security.web.servletapi.SecurityContextHolderAwareRequestFilter@15dc488e, org.springframework.security.web.authentication.AnonymousAuthenticationFilter@4740a5df, org.springframework.security.web.access.ExceptionTranslationFilter@7e371646, org.springframework.security.web.access.intercept.AuthorizationFilter@1a2ba865]
2025-07-22T16:07:09.703+09:00  INFO 11620 --- [restartedMain] o.s.b.d.a.OptionalLiveReloadServer       : LiveReload server is running on port 35729
2025-07-22T16:07:09.880+09:00  INFO 11620 --- [restartedMain] o.s.i.endpoint.EventDrivenConsumer       : Adding {logging-channel-adapter:_org.springframework.integration.errorLogger} as a subscriber to the 'errorChannel' channel
2025-07-22T16:07:09.880+09:00  INFO 11620 --- [restartedMain] o.s.i.channel.PublishSubscribeChannel    : Channel 'application.errorChannel' has 1 subscriber(s).
2025-07-22T16:07:09.880+09:00  INFO 11620 --- [restartedMain] o.s.i.endpoint.EventDrivenConsumer       : started bean '_org.springframework.integration.errorLogger'
2025-07-22T16:07:09.886+09:00  INFO 11620 --- [restartedMain] o.s.b.w.embedded.tomcat.TomcatWebServer  : Tomcat started on port 8080 (http) with context path ''
2025-07-22T16:07:09.914+09:00  INFO 11620 --- [restartedMain] com.smartFactory.BaseApplication         : Started BaseApplication in 15.684 seconds (process running for 811.133)
2025-07-22T16:07:09.917+09:00  INFO 11620 --- [restartedMain] o.s.b.a.b.JobLauncherApplicationRunner   : Running default command line with: []
2025-07-22T16:07:09.921+09:00  INFO 11620 --- [restartedMain] .ConditionEvaluationDeltaLoggingListener : Condition evaluation unchanged
2025-07-22T16:09:37.770+09:00  INFO 11620 --- [http-nio-8080-exec-1] o.a.c.c.C.[Tomcat].[localhost].[/]       : Initializing Spring DispatcherServlet 'dispatcherServlet'
2025-07-22T16:09:37.771+09:00  INFO 11620 --- [http-nio-8080-exec-1] o.s.web.servlet.DispatcherServlet        : Initializing Servlet 'dispatcherServlet'
2025-07-22T16:09:37.776+09:00  INFO 11620 --- [http-nio-8080-exec-1] o.s.web.servlet.DispatcherServlet        : Completed initialization in 3 ms
2025-07-22T16:09:37.808+09:00 DEBUG 11620 --- [http-nio-8080-exec-9] org.hibernate.SQL                        : 
    select
        i1_0.id,
        i1_0.created_at,
        i1_0.is_active,
        i1_0.item_code,
        i1_0.item_name,
        i1_0.item_type,
        i1_0.safety_stock,
        i1_0.spec,
        i1_0.unit,
        i1_0.updated_at 
    from
        item i1_0 
    where
        1=1 
        and i1_0.is_active=? 
    order by
        (select
            0) 
    offset
        ? rows 
    fetch
        first ? rows only
2025-07-22T16:09:37.826+09:00 DEBUG 11620 --- [http-nio-8080-exec-9] org.hibernate.SQL                        : 
    select
        count_big(i1_0.id) 
    from
        item i1_0 
    where
        1=1 
        and i1_0.is_active=?
2025-07-22T16:09:38.153+09:00 DEBUG 11620 --- [http-nio-8080-exec-6] org.hibernate.SQL                        : 
    select
        i1_0.id,
        i1_0.created_at,
        i1_0.is_active,
        i1_0.item_code,
        i1_0.item_name,
        i1_0.item_type,
        i1_0.safety_stock,
        i1_0.spec,
        i1_0.unit,
        i1_0.updated_at 
    from
        item i1_0 
    where
        1=1 
        and i1_0.is_active=? 
    order by
        (select
            0) 
    offset
        ? rows 
    fetch
        first ? rows only
2025-07-22T16:09:38.164+09:00 DEBUG 11620 --- [http-nio-8080-exec-6] org.hibernate.SQL                        : 
    select
        count_big(i1_0.id) 
    from
        item i1_0 
    where
        1=1 
        and i1_0.is_active=?
2025-07-22T16:09:46.363+09:00 DEBUG 11620 --- [http-nio-8080-exec-3] org.hibernate.SQL                        : 
    select
        i1_0.id,
        i1_0.created_at,
        i1_0.is_active,
        i1_0.item_code,
        i1_0.item_name,
        i1_0.item_type,
        i1_0.safety_stock,
        i1_0.spec,
        i1_0.unit,
        i1_0.updated_at 
    from
        item i1_0 
    where
        1=1 
        and i1_0.is_active=? 
        and i1_0.item_type=? 
    order by
        (select
            0) 
    offset
        ? rows 
    fetch
        first ? rows only
2025-07-22T16:09:46.378+09:00 DEBUG 11620 --- [http-nio-8080-exec-3] org.hibernate.SQL                        : 
    select
        count_big(i1_0.id) 
    from
        item i1_0 
    where
        1=1 
        and i1_0.is_active=? 
        and i1_0.item_type=?
2025-07-22T16:09:46.712+09:00 DEBUG 11620 --- [http-nio-8080-exec-1] org.hibernate.SQL                        : 
    select
        i1_0.id,
        i1_0.created_at,
        i1_0.is_active,
        i1_0.item_code,
        i1_0.item_name,
        i1_0.item_type,
        i1_0.safety_stock,
        i1_0.spec,
        i1_0.unit,
        i1_0.updated_at 
    from
        item i1_0 
    where
        1=1 
        and i1_0.is_active=? 
        and i1_0.item_type=? 
    order by
        (select
            0) 
    offset
        ? rows 
    fetch
        first ? rows only
2025-07-22T16:09:46.718+09:00 DEBUG 11620 --- [http-nio-8080-exec-1] org.hibernate.SQL                        : 
    select
        count_big(i1_0.id) 
    from
        item i1_0 
    where
        1=1 
        and i1_0.is_active=? 
        and i1_0.item_type=?
2025-07-22T17:11:10.500+09:00 DEBUG 11620 --- [http-nio-8080-exec-10] org.hibernate.SQL                        : 
    select
        i1_0.id,
        i1_0.created_at,
        i1_0.is_active,
        i1_0.item_code,
        i1_0.item_name,
        i1_0.item_type,
        i1_0.safety_stock,
        i1_0.spec,
        i1_0.unit,
        i1_0.updated_at 
    from
        item i1_0 
    where
        1=1 
        and i1_0.is_active=? 
        and i1_0.item_type=? 
    order by
        (select
            0) 
    offset
        ? rows 
    fetch
        first ? rows only
2025-07-22T17:11:21.591+09:00 DEBUG 11620 --- [http-nio-8080-exec-10] org.hibernate.SQL                        : 
    select
        count_big(i1_0.id) 
    from
        item i1_0 
    where
        1=1 
        and i1_0.is_active=? 
        and i1_0.item_type=?
2025-07-22T17:11:22.481+09:00 DEBUG 11620 --- [http-nio-8080-exec-4] org.hibernate.SQL                        : 
    select
        i1_0.id,
        i1_0.created_at,
        i1_0.is_active,
        i1_0.item_code,
        i1_0.item_name,
        i1_0.item_type,
        i1_0.safety_stock,
        i1_0.spec,
        i1_0.unit,
        i1_0.updated_at 
    from
        item i1_0 
    where
        1=1 
        and i1_0.is_active=? 
        and i1_0.item_type=? 
    order by
        (select
            0) 
    offset
        ? rows 
    fetch
        first ? rows only
2025-07-22T17:11:23.490+09:00 DEBUG 11620 --- [http-nio-8080-exec-4] org.hibernate.SQL                        : 
    select
        count_big(i1_0.id) 
    from
        item i1_0 
    where
        1=1 
        and i1_0.is_active=? 
        and i1_0.item_type=?
2025-07-22T17:15:25.207+09:00  INFO 11620 --- [File Watcher] rtingClassPathChangeChangedEventListener : Restarting due to 2 class path changes (0 additions, 2 deletions, 0 modifications)
2025-07-22T17:15:25.814+09:00  INFO 11620 --- [Thread-7] o.s.i.endpoint.EventDrivenConsumer       : Removing {logging-channel-adapter:_org.springframework.integration.errorLogger} as a subscriber to the 'errorChannel' channel
2025-07-22T17:15:25.817+09:00  INFO 11620 --- [Thread-7] o.s.i.channel.PublishSubscribeChannel    : Channel 'application.errorChannel' has 0 subscriber(s).
2025-07-22T17:15:25.820+09:00  INFO 11620 --- [Thread-7] o.s.i.endpoint.EventDrivenConsumer       : stopped bean '_org.springframework.integration.errorLogger'
2025-07-22T17:15:25.911+09:00  INFO 11620 --- [Thread-7] j.LocalContainerEntityManagerFactoryBean : Closing JPA EntityManagerFactory for persistence unit 'default'
2025-07-22T17:15:25.980+09:00  INFO 11620 --- [Thread-7] com.zaxxer.hikari.HikariDataSource       : HikariPool-2 - Shutdown initiated...
2025-07-22T17:15:26.051+09:00  INFO 11620 --- [Thread-7] com.zaxxer.hikari.HikariDataSource       : HikariPool-2 - Shutdown completed.
2025-07-22T17:15:27.734+09:00  INFO 11620 --- [restartedMain] com.smartFactory.BaseApplication         : Starting BaseApplication using Java 17.0.14 with PID 11620 (E:\happyeon\Project\smartFactory\backend\out\production\classes started by happy in E:\happyeon\Project\smartFactory)
2025-07-22T17:15:27.735+09:00  INFO 11620 --- [restartedMain] com.smartFactory.BaseApplication         : No active profile set, falling back to 1 default profile: "default"
2025-07-22T17:15:29.355+09:00  INFO 11620 --- [restartedMain] .s.d.r.c.RepositoryConfigurationDelegate : Bootstrapping Spring Data JPA repositories in DEFAULT mode.
2025-07-22T17:15:29.394+09:00  WARN 11620 --- [restartedMain] ConfigServletWebServerApplicationContext : Exception encountered during context initialization - cancelling refresh attempt: java.lang.TypeNotPresentException: Type com.smartFactory.mes.master.domain.Item not present
2025-07-22T17:15:29.438+09:00  INFO 11620 --- [restartedMain] .s.b.a.l.ConditionEvaluationReportLogger : 

Error starting ApplicationContext. To display the condition evaluation report re-run your application with 'debug' enabled.
2025-07-22T17:15:29.583+09:00 ERROR 11620 --- [restartedMain] o.s.boot.SpringApplication               : Application run failed

java.lang.TypeNotPresentException: Type com.smartFactory.mes.master.domain.Item not present
	at java.base/sun.reflect.generics.factory.CoreReflectionFactory.makeNamedType(CoreReflectionFactory.java:117) ~[na:na]
	at java.base/sun.reflect.generics.visitor.Reifier.visitClassTypeSignature(Reifier.java:125) ~[na:na]
	at java.base/sun.reflect.generics.tree.ClassTypeSignature.accept(ClassTypeSignature.java:49) ~[na:na]
	at java.base/sun.reflect.generics.visitor.Reifier.reifyTypeArguments(Reifier.java:68) ~[na:na]
	at java.base/sun.reflect.generics.visitor.Reifier.visitClassTypeSignature(Reifier.java:138) ~[na:na]
	at java.base/sun.reflect.generics.tree.ClassTypeSignature.accept(ClassTypeSignature.java:49) ~[na:na]
	at java.base/sun.reflect.generics.repository.ClassRepository.computeSuperInterfaces(ClassRepository.java:117) ~[na:na]
	at java.base/sun.reflect.generics.repository.ClassRepository.getSuperInterfaces(ClassRepository.java:95) ~[na:na]
	at java.base/java.lang.Class.getGenericInterfaces(Class.java:1211) ~[na:na]
	at org.springframework.core.ResolvableType.getInterfaces(ResolvableType.java:517) ~[spring-core-6.1.1.jar:6.1.1]
	at org.springframework.core.ResolvableType.as(ResolvableType.java:465) ~[spring-core-6.1.1.jar:6.1.1]
	at org.springframework.data.util.TypeDiscoverer.getSuperTypeInformation(TypeDiscoverer.java:254) ~[spring-data-commons-3.2.0.jar:3.2.0]
	at org.springframework.data.util.ClassTypeInformation.getSuperTypeInformation(ClassTypeInformation.java:36) ~[spring-data-commons-3.2.0.jar:3.2.0]
	at org.springframework.data.util.TypeInformation.getRequiredSuperTypeInformation(TypeInformation.java:327) ~[spring-data-commons-3.2.0.jar:3.2.0]
	at org.springframework.data.repository.core.support.DefaultRepositoryMetadata.<init>(DefaultRepositoryMetadata.java:55) ~[spring-data-commons-3.2.0.jar:3.2.0]
	at org.springframework.data.repository.core.support.AbstractRepositoryMetadata.getMetadata(AbstractRepositoryMetadata.java:77) ~[spring-data-commons-3.2.0.jar:3.2.0]
	at org.springframework.data.repository.config.RepositoryConfigurationExtensionSupport.getRepositoryConfigurations(RepositoryConfigurationExtensionSupport.java:91) ~[spring-data-commons-3.2.0.jar:3.2.0]
	at org.springframework.data.repository.config.RepositoryConfigurationDelegate.registerRepositoriesIn(RepositoryConfigurationDelegate.java:164) ~[spring-data-commons-3.2.0.jar:3.2.0]
	at org.springframework.data.repository.config.RepositoryBeanDefinitionRegistrarSupport.registerBeanDefinitions(RepositoryBeanDefinitionRegistrarSupport.java:94) ~[spring-data-commons-3.2.0.jar:3.2.0]
	at org.springframework.context.annotation.ConfigurationClassBeanDefinitionReader.lambda$loadBeanDefinitionsFromRegistrars$1(ConfigurationClassBeanDefinitionReader.java:376) ~[spring-context-6.1.1.jar:6.1.1]
	at java.base/java.util.LinkedHashMap.forEach(LinkedHashMap.java:721) ~[na:na]
	at org.springframework.context.annotation.ConfigurationClassBeanDefinitionReader.loadBeanDefinitionsFromRegistrars(ConfigurationClassBeanDefinitionReader.java:375) ~[spring-context-6.1.1.jar:6.1.1]
	at org.springframework.context.annotation.ConfigurationClassBeanDefinitionReader.loadBeanDefinitionsForConfigurationClass(ConfigurationClassBeanDefinitionReader.java:148) ~[spring-context-6.1.1.jar:6.1.1]
	at org.springframework.context.annotation.ConfigurationClassBeanDefinitionReader.loadBeanDefinitions(ConfigurationClassBeanDefinitionReader.java:120) ~[spring-context-6.1.1.jar:6.1.1]
	at org.springframework.context.annotation.ConfigurationClassPostProcessor.processConfigBeanDefinitions(ConfigurationClassPostProcessor.java:428) ~[spring-context-6.1.1.jar:6.1.1]
	at org.springframework.context.annotation.ConfigurationClassPostProcessor.postProcessBeanDefinitionRegistry(ConfigurationClassPostProcessor.java:289) ~[spring-context-6.1.1.jar:6.1.1]
	at org.springframework.context.support.PostProcessorRegistrationDelegate.invokeBeanDefinitionRegistryPostProcessors(PostProcessorRegistrationDelegate.java:349) ~[spring-context-6.1.1.jar:6.1.1]
	at org.springframework.context.support.PostProcessorRegistrationDelegate.invokeBeanFactoryPostProcessors(PostProcessorRegistrationDelegate.java:118) ~[spring-context-6.1.1.jar:6.1.1]
	at org.springframework.context.support.AbstractApplicationContext.invokeBeanFactoryPostProcessors(AbstractApplicationContext.java:775) ~[spring-context-6.1.1.jar:6.1.1]
	at org.springframework.context.support.AbstractApplicationContext.refresh(AbstractApplicationContext.java:597) ~[spring-context-6.1.1.jar:6.1.1]
	at org.springframework.boot.web.servlet.context.ServletWebServerApplicationContext.refresh(ServletWebServerApplicationContext.java:146) ~[spring-boot-3.2.0.jar:3.2.0]
	at org.springframework.boot.SpringApplication.refresh(SpringApplication.java:753) ~[spring-boot-3.2.0.jar:3.2.0]
	at org.springframework.boot.SpringApplication.refreshContext(SpringApplication.java:455) ~[spring-boot-3.2.0.jar:3.2.0]
	at org.springframework.boot.SpringApplication.run(SpringApplication.java:323) ~[spring-boot-3.2.0.jar:3.2.0]
	at org.springframework.boot.SpringApplication.run(SpringApplication.java:1342) ~[spring-boot-3.2.0.jar:3.2.0]
	at org.springframework.boot.SpringApplication.run(SpringApplication.java:1331) ~[spring-boot-3.2.0.jar:3.2.0]
	at com.smartFactory.BaseApplication.main(BaseApplication.java:13) ~[classes/:na]
	at java.base/jdk.internal.reflect.NativeMethodAccessorImpl.invoke0(Native Method) ~[na:na]
	at java.base/jdk.internal.reflect.NativeMethodAccessorImpl.invoke(NativeMethodAccessorImpl.java:77) ~[na:na]
	at java.base/jdk.internal.reflect.DelegatingMethodAccessorImpl.invoke(DelegatingMethodAccessorImpl.java:43) ~[na:na]
	at java.base/java.lang.reflect.Method.invoke(Method.java:568) ~[na:na]
	at org.springframework.boot.devtools.restart.RestartLauncher.run(RestartLauncher.java:50) ~[spring-boot-devtools-3.2.0.jar:3.2.0]
Caused by: java.lang.ClassNotFoundException: com.smartFactory.mes.master.domain.Item
	at java.base/jdk.internal.loader.BuiltinClassLoader.loadClass(BuiltinClassLoader.java:641) ~[na:na]
	at java.base/jdk.internal.loader.ClassLoaders$AppClassLoader.loadClass(ClassLoaders.java:188) ~[na:na]
	at java.base/java.lang.ClassLoader.loadClass(ClassLoader.java:525) ~[na:na]
	at java.base/java.lang.Class.forName0(Native Method) ~[na:na]
	at java.base/java.lang.Class.forName(Class.java:467) ~[na:na]
	at org.springframework.boot.devtools.restart.classloader.RestartClassLoader.loadClass(RestartClassLoader.java:121) ~[spring-boot-devtools-3.2.0.jar:3.2.0]
	at java.base/java.lang.ClassLoader.loadClass(ClassLoader.java:525) ~[na:na]
	at java.base/java.lang.Class.forName0(Native Method) ~[na:na]
	at java.base/java.lang.Class.forName(Class.java:467) ~[na:na]
	at java.base/sun.reflect.generics.factory.CoreReflectionFactory.makeNamedType(CoreReflectionFactory.java:114) ~[na:na]
	... 41 common frames omitted

